
  .   ____          _            __ _ _
 /\\ / ___'_ __ _ _(_)_ __  __ _ \ \ \ \
( ( )\___ | '_ | '_| | '_ \/ _` | \ \ \ \
 \\/  ___)| |_)| | | | | || (_| |  ) ) ) )
  '  |____| .__|_| |_|_| |_\__, | / / / /
 =========|_|==============|___/=/_/_/_/
 :: Spring Boot ::                (v2.4.1)

2021-05-26 20:29:16.265  INFO 2059829 --- [           main] com.example.demo.DemoApplication         : Starting DemoApplication v0.0.1-SNAPSHOT using Java 11.0.11 on gtx-PowerEdge-R740 with PID 2059829 (/home/hanrui/springServer/genotyping/target/genotyping.jar started by hanrui in /home/hanrui/springServer/genotyping)
2021-05-26 20:29:16.267  INFO 2059829 --- [           main] com.example.demo.DemoApplication         : No active profile set, falling back to default profiles: default
2021-05-26 20:29:17.089  INFO 2059829 --- [           main] o.s.b.w.embedded.tomcat.TomcatWebServer  : Tomcat initialized with port(s): 8080 (http)
2021-05-26 20:29:17.101  INFO 2059829 --- [           main] o.apache.catalina.core.StandardService   : Starting service [Tomcat]
2021-05-26 20:29:17.101  INFO 2059829 --- [           main] org.apache.catalina.core.StandardEngine  : Starting Servlet engine: [Apache Tomcat/9.0.41]
WARNING: An illegal reflective access operation has occurred
WARNING: Illegal reflective access by org.springframework.boot.loader.jar.Handler (file:/home/hanrui/springServer/genotyping/target/genotyping.jar) to constructor sun.net.www.protocol.jar.Handler()
WARNING: Please consider reporting this to the maintainers of org.springframework.boot.loader.jar.Handler
WARNING: Use --illegal-access=warn to enable warnings of further illegal reflective access operations
WARNING: All illegal access operations will be denied in a future release
2021-05-26 20:29:17.451  INFO 2059829 --- [           main] org.apache.jasper.servlet.TldScanner     : At least one JAR was scanned for TLDs yet contained no TLDs. Enable debug logging for this logger for a complete list of JARs that were scanned but no TLDs were found in them. Skipping unneeded JARs during scanning can improve startup time and JSP compilation time.
2021-05-26 20:29:17.624  INFO 2059829 --- [           main] o.a.c.c.C.[Tomcat].[localhost].[/]       : Initializing Spring embedded WebApplicationContext
2021-05-26 20:29:17.624  INFO 2059829 --- [           main] w.s.c.ServletWebServerApplicationContext : Root WebApplicationContext: initialization completed in 1311 ms
2021-05-26 20:29:17.773  INFO 2059829 --- [           main] o.s.s.concurrent.ThreadPoolTaskExecutor  : Initializing ExecutorService 'applicationTaskExecutor'
2021-05-26 20:29:17.910  WARN 2059829 --- [           main] ConfigServletWebServerApplicationContext : Exception encountered during context initialization - cancelling refresh attempt: org.springframework.context.ApplicationContextException: Failed to start bean 'webServerStartStop'; nested exception is org.springframework.boot.web.server.WebServerException: Unable to start embedded Tomcat server
2021-05-26 20:29:17.910  INFO 2059829 --- [           main] o.s.s.concurrent.ThreadPoolTaskExecutor  : Shutting down ExecutorService 'applicationTaskExecutor'
2021-05-26 20:29:17.913  INFO 2059829 --- [           main] o.apache.catalina.core.StandardService   : Stopping service [Tomcat]
2021-05-26 20:29:17.925  INFO 2059829 --- [           main] ConditionEvaluationReportLoggingListener : 

Error starting ApplicationContext. To display the conditions report re-run your application with 'debug' enabled.
2021-05-26 20:29:17.941 ERROR 2059829 --- [           main] o.s.boot.SpringApplication               : Application run failed

org.springframework.context.ApplicationContextException: Failed to start bean 'webServerStartStop'; nested exception is org.springframework.boot.web.server.WebServerException: Unable to start embedded Tomcat server
	at org.springframework.context.support.DefaultLifecycleProcessor.doStart(DefaultLifecycleProcessor.java:181) ~[spring-context-5.3.2.jar!/:5.3.2]
	at org.springframework.context.support.DefaultLifecycleProcessor.access$200(DefaultLifecycleProcessor.java:54) ~[spring-context-5.3.2.jar!/:5.3.2]
	at org.springframework.context.support.DefaultLifecycleProcessor$LifecycleGroup.start(DefaultLifecycleProcessor.java:356) ~[spring-context-5.3.2.jar!/:5.3.2]
	at java.base/java.lang.Iterable.forEach(Iterable.java:75) ~[na:na]
	at org.springframework.context.support.DefaultLifecycleProcessor.startBeans(DefaultLifecycleProcessor.java:155) ~[spring-context-5.3.2.jar!/:5.3.2]
	at org.springframework.context.support.DefaultLifecycleProcessor.onRefresh(DefaultLifecycleProcessor.java:123) ~[spring-context-5.3.2.jar!/:5.3.2]
	at org.springframework.context.support.AbstractApplicationContext.finishRefresh(AbstractApplicationContext.java:940) ~[spring-context-5.3.2.jar!/:5.3.2]
	at org.springframework.context.support.AbstractApplicationContext.refresh(AbstractApplicationContext.java:591) ~[spring-context-5.3.2.jar!/:5.3.2]
	at org.springframework.boot.web.servlet.context.ServletWebServerApplicationContext.refresh(ServletWebServerApplicationContext.java:144) ~[spring-boot-2.4.1.jar!/:2.4.1]
	at org.springframework.boot.SpringApplication.refresh(SpringApplication.java:767) ~[spring-boot-2.4.1.jar!/:2.4.1]
	at org.springframework.boot.SpringApplication.refresh(SpringApplication.java:759) ~[spring-boot-2.4.1.jar!/:2.4.1]
	at org.springframework.boot.SpringApplication.refreshContext(SpringApplication.java:426) ~[spring-boot-2.4.1.jar!/:2.4.1]
	at org.springframework.boot.SpringApplication.run(SpringApplication.java:326) ~[spring-boot-2.4.1.jar!/:2.4.1]
	at org.springframework.boot.SpringApplication.run(SpringApplication.java:1309) ~[spring-boot-2.4.1.jar!/:2.4.1]
	at org.springframework.boot.SpringApplication.run(SpringApplication.java:1298) ~[spring-boot-2.4.1.jar!/:2.4.1]
	at com.example.demo.DemoApplication.main(DemoApplication.java:11) ~[classes!/:0.0.1-SNAPSHOT]
	at java.base/jdk.internal.reflect.NativeMethodAccessorImpl.invoke0(Native Method) ~[na:na]
	at java.base/jdk.internal.reflect.NativeMethodAccessorImpl.invoke(NativeMethodAccessorImpl.java:62) ~[na:na]
	at java.base/jdk.internal.reflect.DelegatingMethodAccessorImpl.invoke(DelegatingMethodAccessorImpl.java:43) ~[na:na]
	at java.base/java.lang.reflect.Method.invoke(Method.java:566) ~[na:na]
	at org.springframework.boot.loader.MainMethodRunner.run(MainMethodRunner.java:49) ~[genotyping.jar:0.0.1-SNAPSHOT]
	at org.springframework.boot.loader.Launcher.launch(Launcher.java:107) ~[genotyping.jar:0.0.1-SNAPSHOT]
	at org.springframework.boot.loader.Launcher.launch(Launcher.java:58) ~[genotyping.jar:0.0.1-SNAPSHOT]
	at org.springframework.boot.loader.JarLauncher.main(JarLauncher.java:88) ~[genotyping.jar:0.0.1-SNAPSHOT]
Caused by: org.springframework.boot.web.server.WebServerException: Unable to start embedded Tomcat server
	at org.springframework.boot.web.embedded.tomcat.TomcatWebServer.start(TomcatWebServer.java:229) ~[spring-boot-2.4.1.jar!/:2.4.1]
	at org.springframework.boot.web.servlet.context.WebServerStartStopLifecycle.start(WebServerStartStopLifecycle.java:43) ~[spring-boot-2.4.1.jar!/:2.4.1]
	at org.springframework.context.support.DefaultLifecycleProcessor.doStart(DefaultLifecycleProcessor.java:178) ~[spring-context-5.3.2.jar!/:5.3.2]
	... 23 common frames omitted
Caused by: java.lang.IllegalArgumentException: standardService.connector.startFailed
	at org.apache.catalina.core.StandardService.addConnector(StandardService.java:244) ~[tomcat-embed-core-9.0.41.jar!/:9.0.41]
	at org.springframework.boot.web.embedded.tomcat.TomcatWebServer.addPreviouslyRemovedConnectors(TomcatWebServer.java:282) ~[spring-boot-2.4.1.jar!/:2.4.1]
	at org.springframework.boot.web.embedded.tomcat.TomcatWebServer.start(TomcatWebServer.java:213) ~[spring-boot-2.4.1.jar!/:2.4.1]
	... 25 common frames omitted
Caused by: org.apache.catalina.LifecycleException: Protocol handler start failed
	at org.apache.catalina.connector.Connector.startInternal(Connector.java:1067) ~[tomcat-embed-core-9.0.41.jar!/:9.0.41]
	at org.apache.catalina.util.LifecycleBase.start(LifecycleBase.java:183) ~[tomcat-embed-core-9.0.41.jar!/:9.0.41]
	at org.apache.catalina.core.StandardService.addConnector(StandardService.java:240) ~[tomcat-embed-core-9.0.41.jar!/:9.0.41]
	... 27 common frames omitted
Caused by: java.net.BindException: 地址已在使用
	at java.base/sun.nio.ch.Net.bind0(Native Method) ~[na:na]
	at java.base/sun.nio.ch.Net.bind(Net.java:455) ~[na:na]
	at java.base/sun.nio.ch.Net.bind(Net.java:447) ~[na:na]
	at java.base/sun.nio.ch.ServerSocketChannelImpl.bind(ServerSocketChannelImpl.java:227) ~[na:na]
	at java.base/sun.nio.ch.ServerSocketAdaptor.bind(ServerSocketAdaptor.java:80) ~[na:na]
	at org.apache.tomcat.util.net.NioEndpoint.initServerSocket(NioEndpoint.java:228) ~[tomcat-embed-core-9.0.41.jar!/:9.0.41]
	at org.apache.tomcat.util.net.NioEndpoint.bind(NioEndpoint.java:211) ~[tomcat-embed-core-9.0.41.jar!/:9.0.41]
	at org.apache.tomcat.util.net.AbstractEndpoint.bindWithCleanup(AbstractEndpoint.java:1159) ~[tomcat-embed-core-9.0.41.jar!/:9.0.41]
	at org.apache.tomcat.util.net.AbstractEndpoint.start(AbstractEndpoint.java:1245) ~[tomcat-embed-core-9.0.41.jar!/:9.0.41]
	at org.apache.coyote.AbstractProtocol.start(AbstractProtocol.java:603) ~[tomcat-embed-core-9.0.41.jar!/:9.0.41]
	at org.apache.catalina.connector.Connector.startInternal(Connector.java:1064) ~[tomcat-embed-core-9.0.41.jar!/:9.0.41]
	... 29 common frames omitted


  .   ____          _            __ _ _
 /\\ / ___'_ __ _ _(_)_ __  __ _ \ \ \ \
( ( )\___ | '_ | '_| | '_ \/ _` | \ \ \ \
 \\/  ___)| |_)| | | | | || (_| |  ) ) ) )
  '  |____| .__|_| |_|_| |_\__, | / / / /
 =========|_|==============|___/=/_/_/_/
 :: Spring Boot ::                (v2.4.1)

2021-05-26 20:48:10.550  INFO 2121279 --- [           main] com.example.demo.DemoApplication         : Starting DemoApplication v0.0.1-SNAPSHOT using Java 11.0.11 on gtx-PowerEdge-R740 with PID 2121279 (/home/hanrui/springServer/genotyping/target/genotyping.jar started by hanrui in /home/hanrui/springServer/genotyping)
2021-05-26 20:48:10.552  INFO 2121279 --- [           main] com.example.demo.DemoApplication         : No active profile set, falling back to default profiles: default
2021-05-26 20:48:11.350  INFO 2121279 --- [           main] o.s.b.w.embedded.tomcat.TomcatWebServer  : Tomcat initialized with port(s): 8080 (http)
2021-05-26 20:48:11.361  INFO 2121279 --- [           main] o.apache.catalina.core.StandardService   : Starting service [Tomcat]
2021-05-26 20:48:11.361  INFO 2121279 --- [           main] org.apache.catalina.core.StandardEngine  : Starting Servlet engine: [Apache Tomcat/9.0.41]
WARNING: An illegal reflective access operation has occurred
WARNING: Illegal reflective access by org.springframework.boot.loader.jar.Handler (file:/home/hanrui/springServer/genotyping/target/genotyping.jar) to constructor sun.net.www.protocol.jar.Handler()
WARNING: Please consider reporting this to the maintainers of org.springframework.boot.loader.jar.Handler
WARNING: Use --illegal-access=warn to enable warnings of further illegal reflective access operations
WARNING: All illegal access operations will be denied in a future release
2021-05-26 20:48:11.680  INFO 2121279 --- [           main] org.apache.jasper.servlet.TldScanner     : At least one JAR was scanned for TLDs yet contained no TLDs. Enable debug logging for this logger for a complete list of JARs that were scanned but no TLDs were found in them. Skipping unneeded JARs during scanning can improve startup time and JSP compilation time.
2021-05-26 20:48:11.844  INFO 2121279 --- [           main] o.a.c.c.C.[Tomcat].[localhost].[/]       : Initializing Spring embedded WebApplicationContext
2021-05-26 20:48:11.844  INFO 2121279 --- [           main] w.s.c.ServletWebServerApplicationContext : Root WebApplicationContext: initialization completed in 1246 ms
2021-05-26 20:48:11.984  INFO 2121279 --- [           main] o.s.s.concurrent.ThreadPoolTaskExecutor  : Initializing ExecutorService 'applicationTaskExecutor'
2021-05-26 20:48:12.132  INFO 2121279 --- [           main] o.s.b.w.embedded.tomcat.TomcatWebServer  : Tomcat started on port(s): 8080 (http) with context path ''
2021-05-26 20:48:12.140  INFO 2121279 --- [           main] com.example.demo.DemoApplication         : Started DemoApplication in 2.018 seconds (JVM running for 2.392)
2021-05-26 20:52:23.878  INFO 2121279 --- [nio-8080-exec-1] o.a.c.c.C.[Tomcat].[localhost].[/]       : Initializing Spring DispatcherServlet 'dispatcherServlet'
2021-05-26 20:52:23.878  INFO 2121279 --- [nio-8080-exec-1] o.s.web.servlet.DispatcherServlet        : Initializing Servlet 'dispatcherServlet'
2021-05-26 20:52:23.879  INFO 2121279 --- [nio-8080-exec-1] o.s.web.servlet.DispatcherServlet        : Completed initialization in 1 ms
calling SampleSplitAlgo...
split finished...
1
called bwa...
called Samtools-view...
called Samtools-sort...
called Samtools-index...
called Igvtools...
2
called bwa...
called Samtools-view...
called Samtools-sort...
called Samtools-index...
called Igvtools...
3
called bwa...
called Samtools-view...
called Samtools-sort...
called Samtools-index...
called Igvtools...
4
called bwa...
called Samtools-view...
called Samtools-sort...
called Samtools-index...
called Igvtools...
5
called bwa...
called Samtools-view...
called Samtools-sort...
called Samtools-index...
called Igvtools...
6
called bwa...
called Samtools-view...
called Samtools-sort...
called Samtools-index...
called Igvtools...
7
called bwa...
called Samtools-view...
called Samtools-sort...
called Samtools-index...
called Igvtools...
8
called bwa...
called Samtools-view...
called Samtools-sort...
called Samtools-index...
called Igvtools...
9
called bwa...
called Samtools-view...
called Samtools-sort...
called Samtools-index...
called Igvtools...
10
called bwa...
called Samtools-view...
called Samtools-sort...
called Samtools-index...
called Igvtools...
11
called bwa...
called Samtools-view...
called Samtools-sort...
called Samtools-index...
called Igvtools...
12
called bwa...
called Samtools-view...
called Samtools-sort...
called Samtools-index...
called Igvtools...
13
called bwa...
called Samtools-view...
called Samtools-sort...
called Samtools-index...
called Igvtools...
14
called bwa...
called Samtools-view...
called Samtools-sort...
called Samtools-index...
called Igvtools...
15
called bwa...
called Samtools-view...
called Samtools-sort...
called Samtools-index...
called Igvtools...
16
called bwa...
called Samtools-view...
called Samtools-sort...
called Samtools-index...
called Igvtools...
17
called bwa...
called Samtools-view...
called Samtools-sort...
called Samtools-index...
called Igvtools...
18
called bwa...
called Samtools-view...
called Samtools-sort...
called Samtools-index...
called Igvtools...
19
called bwa...
called Samtools-view...
called Samtools-sort...
called Samtools-index...
called Igvtools...
20
called bwa...
called Samtools-view...
called Samtools-sort...
called Samtools-index...
called Igvtools...
21
called bwa...
called Samtools-view...
called Samtools-sort...
called Samtools-index...
called Igvtools...
22
called bwa...
called Samtools-view...
called Samtools-sort...
called Samtools-index...
called Igvtools...
23
called bwa...
called Samtools-view...
called Samtools-sort...
called Samtools-index...
called Igvtools...
24
called bwa...
called Samtools-view...
called Samtools-sort...
called Samtools-index...
called Igvtools...
25
called bwa...
called Samtools-view...
called Samtools-sort...
called Samtools-index...
called Igvtools...
26
called bwa...
called Samtools-view...
called Samtools-sort...
called Samtools-index...
called Igvtools...
27
called bwa...
called Samtools-view...
called Samtools-sort...
called Samtools-index...
called Igvtools...
28
called bwa...
called Samtools-view...
called Samtools-sort...
called Samtools-index...
called Igvtools...
29
called bwa...
called Samtools-view...
called Samtools-sort...
called Samtools-index...
called Igvtools...
30
called bwa...
called Samtools-view...
called Samtools-sort...
called Samtools-index...
called Igvtools...
31
called bwa...
called Samtools-view...
called Samtools-sort...
called Samtools-index...
called Igvtools...
32
called bwa...
called Samtools-view...
called Samtools-sort...
called Samtools-index...
called Igvtools...
33
called bwa...
called Samtools-view...
called Samtools-sort...
called Samtools-index...
called Igvtools...
34
called bwa...
called Samtools-view...
called Samtools-sort...
called Samtools-index...
called Igvtools...
35
called bwa...
called Samtools-view...
called Samtools-sort...
called Samtools-index...
called Igvtools...
36
called bwa...
called Samtools-view...
called Samtools-sort...
called Samtools-index...
called Igvtools...
37
called bwa...
called Samtools-view...
called Samtools-sort...
called Samtools-index...
called Igvtools...
38
called bwa...
called Samtools-view...
called Samtools-sort...
called Samtools-index...
called Igvtools...
39
called bwa...
called Samtools-view...
called Samtools-sort...
called Samtools-index...
called Igvtools...
40
called bwa...
called Samtools-view...
called Samtools-sort...
called Samtools-index...
called Igvtools...
41
called bwa...
called Samtools-view...
called Samtools-sort...
called Samtools-index...
called Igvtools...
42
called bwa...
called Samtools-view...
called Samtools-sort...
called Samtools-index...
called Igvtools...
43
called bwa...
called Samtools-view...
called Samtools-sort...
called Samtools-index...
called Igvtools...
44
called bwa...
called Samtools-view...
called Samtools-sort...
called Samtools-index...
called Igvtools...
45
called bwa...
called Samtools-view...
called Samtools-sort...
called Samtools-index...
called Igvtools...
46
called bwa...
called Samtools-view...
called Samtools-sort...
called Samtools-index...
called Igvtools...
47
called bwa...
called Samtools-view...
called Samtools-sort...
called Samtools-index...
called Igvtools...
48
called bwa...
called Samtools-view...
called Samtools-sort...
called Samtools-index...
called Igvtools...
49
called bwa...
called Samtools-view...
called Samtools-sort...
called Samtools-index...
called Igvtools...
50
called bwa...
called Samtools-view...
called Samtools-sort...
called Samtools-index...
